  Camera.cpp
  DirectionalLight.cpp
C:\ProyecosCG\Practicas\Practica05\DirectionalLight.cpp(18,14): warning C4244: 'argumento': conversión de 'GLfloat' a 'GLint'; posible pérdida de datos
C:\ProyecosCG\Practicas\Practica05\DirectionalLight.cpp(19,14): warning C4244: 'argumento': conversión de 'GLfloat' a 'GLint'; posible pérdida de datos
C:\ProyecosCG\Practicas\Practica05\DirectionalLight.cpp(21,14): warning C4244: 'argumento': conversión de 'GLfloat' a 'GLint'; posible pérdida de datos
C:\ProyecosCG\Practicas\Practica05\DirectionalLight.cpp(22,14): warning C4244: 'argumento': conversión de 'GLfloat' a 'GLint'; posible pérdida de datos
  Light.cpp
  Material.cpp
  Mesh_tn.cpp
  Model.cpp
C:\ProyecosCG\Practicas\Practica05\Model.cpp(16,10): warning C4477: 'printf' : la cadena de formato '%s' requiere un argumento de tipo 'char *', pero el argumento variádico 1 tiene el tipo 'const std::string'
C:\ProyecosCG\Practicas\Practica05\Model.cpp(16,80): warning C4474: "printf": se pasaron demasiados argumentos para la cadena de formato
      C:\ProyecosCG\Practicas\Practica05\Model.cpp(16,80):
      los marcadores de posición y sus parámetros esperan 1 argumentos variádicos, pero se proporcionaron 2
  
  PointLight.cpp
C:\ProyecosCG\Practicas\Practica05\PointLight.cpp(28,14): warning C4244: 'argumento': conversión de 'GLfloat' a 'GLint'; posible pérdida de datos
C:\ProyecosCG\Practicas\Practica05\PointLight.cpp(29,14): warning C4244: 'argumento': conversión de 'GLfloat' a 'GLint'; posible pérdida de datos
C:\ProyecosCG\Practicas\Practica05\PointLight.cpp(30,14): warning C4244: 'argumento': conversión de 'GLfloat' a 'GLint'; posible pérdida de datos
C:\ProyecosCG\Practicas\Practica05\PointLight.cpp(32,14): warning C4244: 'argumento': conversión de 'GLfloat' a 'GLint'; posible pérdida de datos
C:\ProyecosCG\Practicas\Practica05\PointLight.cpp(33,14): warning C4244: 'argumento': conversión de 'GLfloat' a 'GLint'; posible pérdida de datos
C:\ProyecosCG\Practicas\Practica05\PointLight.cpp(34,14): warning C4244: 'argumento': conversión de 'GLfloat' a 'GLint'; posible pérdida de datos
C:\ProyecosCG\Practicas\Practica05\PointLight.cpp(35,14): warning C4244: 'argumento': conversión de 'GLfloat' a 'GLint'; posible pérdida de datos
  practica5.cpp
C:\ProyecosCG\Practicas\Practica05\Window.h(13,36): warning C4244: 'return': conversión de 'GLint' a 'GLfloat'; posible pérdida de datos
  (compilando archivo de origen "practica5.cpp")
  
C:\ProyecosCG\Practicas\Practica05\Window.h(14,37): warning C4244: 'return': conversión de 'GLint' a 'GLfloat'; posible pérdida de datos
  (compilando archivo de origen "practica5.cpp")
  
C:\ProyecosCG\Practicas\Practica05\practica5.cpp(164,15): warning C4244: 'inicializando': conversión de 'double' a 'GLfloat'; posible pérdida de datos
C:\ProyecosCG\Practicas\Practica05\practica5.cpp(166,33): warning C4244: '+=': conversión de 'double' a 'GLfloat'; posible pérdida de datos
  Shader_m.cpp
  Skybox.cpp
  Sphere.cpp
C:\ProyecosCG\Practicas\Practica05\Sphere.cpp(39,13): warning C4244: 'inicializando': conversión de 'double' a 'float'; posible pérdida de datos
C:\ProyecosCG\Practicas\Practica05\Sphere.cpp(43,16): warning C4244: 'inicializando': conversión de 'double' a 'float'; posible pérdida de datos
  SpotLight.cpp
  Window.cpp
C:\ProyecosCG\Practicas\Practica05\Window.h(13,36): warning C4244: 'return': conversión de 'GLint' a 'GLfloat'; posible pérdida de datos
  (compilando archivo de origen "Window.cpp")
  
C:\ProyecosCG\Practicas\Practica05\Window.h(14,37): warning C4244: 'return': conversión de 'GLint' a 'GLfloat'; posible pérdida de datos
  (compilando archivo de origen "Window.cpp")
  
C:\ProyecosCG\Practicas\Practica05\Window.cpp(231,22): warning C4244: '=': conversión de 'double' a 'GLfloat'; posible pérdida de datos
C:\ProyecosCG\Practicas\Practica05\Window.cpp(232,22): warning C4244: '=': conversión de 'double' a 'GLfloat'; posible pérdida de datos
C:\ProyecosCG\Practicas\Practica05\Window.cpp(236,28): warning C4244: '=': conversión de 'double' a 'GLfloat'; posible pérdida de datos
C:\ProyecosCG\Practicas\Practica05\Window.cpp(237,40): warning C4244: '=': conversión de 'double' a 'GLfloat'; posible pérdida de datos
C:\ProyecosCG\Practicas\Practica05\Window.cpp(239,21): warning C4244: '=': conversión de 'double' a 'GLfloat'; posible pérdida de datos
C:\ProyecosCG\Practicas\Practica05\Window.cpp(240,21): warning C4244: '=': conversión de 'double' a 'GLfloat'; posible pérdida de datos
  Generando código
  Previous IPDB not found, fall back to full compilation.
C:\ProyecosCG\Practicas\Practica05\Window.cpp(140): warning C4715: 'Window::Initialise': no todas las rutas de acceso de control devuelven un valor
  All 769 functions were compiled because no usable IPDB/IOBJ from previous compilation was found.
  Generación de código finalizada
  Practica05.vcxproj -> C:\ProyecosCG\Practicas\Practica05\Release\Practica05.exe
